<?xml version="1.0" encoding="UTF-8" ?>
<testsuite tests="1" failures="0" name="tma.service.UserRepositoryTest" time="0.004" errors="1" skipped="0">
  <properties>
[...]
</properties>
  <testcase classname="tma.service.UserRepositoryTest" name="testGetUserByUserName" time="0.004">
    <error message="
Invalid use of argument matchers!
2 matchers expected, 1 recorded:
-&gt; at tma.service.UserRepositoryTest.testGetUserByUserName(UserRepositoryTest.java:44)

This exception may occur if matchers are combined with raw values:
    //incorrect:
    someMethod(anyObject(), &quot;raw String&quot;);
When using matchers, all arguments have to be provided by matchers.
For example:
    //correct:
    someMethod(anyObject(), eq(&quot;String by matcher&quot;));

For more info see javadoc for Matchers class.
" type="org.mockito.exceptions.misusing.InvalidUseOfMatchersException">org.mockito.exceptions.misusing.InvalidUseOfMatchersException: 
Invalid use of argument matchers!
2 matchers expected, 1 recorded:
-&gt; at tma.service.UserRepositoryTest.testGetUserByUserName(UserRepositoryTest.java:44)

This exception may occur if matchers are combined with raw values:
    //incorrect:
    someMethod(anyObject(), &quot;raw String&quot;);
When using matchers, all arguments have to be provided by matchers.
For example:
    //correct:
    someMethod(anyObject(), eq(&quot;String by matcher&quot;));

For more info see javadoc for Matchers class.

	at tma.service.UserRepositoryTest.testGetUserByUserName(UserRepositoryTest.java:44)
	at sun.reflect.NativeMethodAccessorImpl.invoke0(Native Method)
	at sun.reflect.NativeMethodAccessorImpl.invoke(NativeMethodAccessorImpl.java:62)
	at sun.reflect.DelegatingMethodAccessorImpl.invoke(DelegatingMethodAccessorImpl.java:43)
	at java.lang.reflect.Method.invoke(Method.java:498)
	at org.junit.runners.model.FrameworkMethod$1.runReflectiveCall(FrameworkMethod.java:50)
	at org.junit.internal.runners.model.ReflectiveCallable.run(ReflectiveCallable.java:12)
	at org.junit.runners.model.FrameworkMethod.invokeExplosively(FrameworkMethod.java:47)
	at org.junit.internal.runners.statements.InvokeMethod.evaluate(InvokeMethod.java:17)
	at org.junit.internal.runners.statements.RunBefores.evaluate(RunBefores.java:26)
	at org.springframework.test.context.junit4.statements.RunBeforeTestMethodCallbacks.evaluate(RunBeforeTestMethodCallbacks.java:74)
	at org.springframework.test.context.junit4.statements.RunAfterTestMethodCallbacks.evaluate(RunAfterTestMethodCallbacks.java:83)
	at org.springframework.test.context.junit4.statements.SpringRepeat.evaluate(SpringRepeat.java:72)
	at org.springframework.test.context.junit4.SpringJUnit4ClassRunner.runChild(SpringJUnit4ClassRunner.java:231)
	at org.springframework.test.context.junit4.SpringJUnit4ClassRunner.runChild(SpringJUnit4ClassRunner.java:88)
	at org.junit.runners.ParentRunner$3.run(ParentRunner.java:290)
	at org.junit.runners.ParentRunner$1.schedule(ParentRunner.java:71)
	at org.junit.runners.ParentRunner.runChildren(ParentRunner.java:288)
	at org.junit.runners.ParentRunner.access$000(ParentRunner.java:58)
	at org.junit.runners.ParentRunner$2.evaluate(ParentRunner.java:268)
	at org.springframework.test.context.junit4.statements.RunBeforeTestClassCallbacks.evaluate(RunBeforeTestClassCallbacks.java:61)
	at org.springframework.test.context.junit4.statements.RunAfterTestClassCallbacks.evaluate(RunAfterTestClassCallbacks.java:71)
	at org.junit.runners.ParentRunner.run(ParentRunner.java:363)
	at org.springframework.test.context.junit4.SpringJUnit4ClassRunner.run(SpringJUnit4ClassRunner.java:174)
	at org.apache.maven.surefire.junit4.JUnit4Provider.execute(JUnit4Provider.java:252)
	at org.apache.maven.surefire.junit4.JUnit4Provider.executeTestSet(JUnit4Provider.java:141)
	at org.apache.maven.surefire.junit4.JUnit4Provider.invoke(JUnit4Provider.java:112)
	at sun.reflect.NativeMethodAccessorImpl.invoke0(Native Method)
	at sun.reflect.NativeMethodAccessorImpl.invoke(NativeMethodAccessorImpl.java:62)
	at sun.reflect.DelegatingMethodAccessorImpl.invoke(DelegatingMethodAccessorImpl.java:43)
	at java.lang.reflect.Method.invoke(Method.java:498)
	at org.apache.maven.surefire.util.ReflectionUtils.invokeMethodWithArray(ReflectionUtils.java:189)
	at org.apache.maven.surefire.booter.ProviderFactory$ProviderProxy.invoke(ProviderFactory.java:165)
	at org.apache.maven.surefire.booter.ProviderFactory.invokeProvider(ProviderFactory.java:85)
	at org.apache.maven.surefire.booter.ForkedBooter.runSuitesInProcess(ForkedBooter.java:115)
	at org.apache.maven.surefire.booter.ForkedBooter.main(ForkedBooter.java:75)
</error>
    <system-out>18:42:53.374 [main] DEBUG org.springframework.test.context.support.DirtiesContextTestExecutionListener - After test class: context [[TestContext@51dbd6e4 testClass = UserDetailsServiceImplTest, testInstance = [null], testMethod = [null], testException = [null], mergedContextConfiguration = [WebMergedContextConfiguration@1eb6e1c testClass = UserDetailsServiceImplTest, locations = &apos;{}&apos;, classes = &apos;{class tma.configuration.SpringMvcInitializer, class tma.configuration.ApplicationConfiguration}&apos;, contextInitializerClasses = &apos;[]&apos;, activeProfiles = &apos;{}&apos;, resourceBasePath = &apos;src/main/webapp&apos;, contextLoader = &apos;org.springframework.test.context.web.WebDelegatingSmartContextLoader&apos;, parent = [null]]]], dirtiesContext [false].
18:42:53.375 [main] DEBUG org.springframework.test.context.junit4.SpringJUnit4ClassRunner - SpringJUnit4ClassRunner constructor called with [class tma.service.UserRepositoryTest].
18:42:53.375 [main] DEBUG org.springframework.test.context.support.AbstractDelegatingSmartContextLoader - Delegating to AnnotationConfigWebContextLoader to process context configuration [ContextConfigurationAttributes@63ec445c declaringClass = &apos;tma.service.UserRepositoryTest&apos;, locations = &apos;{}&apos;, classes = &apos;{class tma.configuration.SpringMvcInitializer, class tma.configuration.ApplicationConfiguration}&apos;, inheritLocations = true, initializers = &apos;{}&apos;, inheritInitializers = true, name = [null], contextLoaderClass = &apos;org.springframework.test.context.ContextLoader&apos;].
18:42:53.375 [main] DEBUG org.springframework.test.context.ContextLoaderUtils - Could not find an &apos;annotation declaring class&apos; for annotation type [org.springframework.test.context.ActiveProfiles] and class [tma.service.UserRepositoryTest]
18:42:53.375 [main] DEBUG org.springframework.test.context.TestContextManager - @TestExecutionListeners is not present for class [class tma.service.UserRepositoryTest]: using defaults.
18:42:53.375 [main] DEBUG org.springframework.test.annotation.ProfileValueUtils - Retrieved @ProfileValueSourceConfiguration [null] for test class [tma.service.UserRepositoryTest]
18:42:53.375 [main] DEBUG org.springframework.test.annotation.ProfileValueUtils - Retrieved ProfileValueSource type [class org.springframework.test.annotation.SystemProfileValueSource] for class [tma.service.UserRepositoryTest]
18:42:53.375 [main] DEBUG org.springframework.test.annotation.ProfileValueUtils - Retrieved @ProfileValueSourceConfiguration [null] for test class [tma.service.UserRepositoryTest]
18:42:53.375 [main] DEBUG org.springframework.test.annotation.ProfileValueUtils - Retrieved ProfileValueSource type [class org.springframework.test.annotation.SystemProfileValueSource] for class [tma.service.UserRepositoryTest]
18:42:53.375 [main] DEBUG org.springframework.test.annotation.ProfileValueUtils - Retrieved @ProfileValueSourceConfiguration [null] for test class [tma.service.UserRepositoryTest]
18:42:53.375 [main] DEBUG org.springframework.test.annotation.ProfileValueUtils - Retrieved ProfileValueSource type [class org.springframework.test.annotation.SystemProfileValueSource] for class [tma.service.UserRepositoryTest]
18:42:53.376 [main] DEBUG org.springframework.test.context.CacheAwareContextLoaderDelegate - Retrieved ApplicationContext from cache with key [[WebMergedContextConfiguration@3104351d testClass = UserRepositoryTest, locations = &apos;{}&apos;, classes = &apos;{class tma.configuration.SpringMvcInitializer, class tma.configuration.ApplicationConfiguration}&apos;, contextInitializerClasses = &apos;[]&apos;, activeProfiles = &apos;{}&apos;, resourceBasePath = &apos;src/main/webapp&apos;, contextLoader = &apos;org.springframework.test.context.web.WebDelegatingSmartContextLoader&apos;, parent = [null]]].
18:42:53.376 [main] DEBUG org.springframework.test.context.web.ServletTestExecutionListener - Setting up MockHttpServletRequest, MockHttpServletResponse, ServletWebRequest, and RequestContextHolder for test context [TestContext@77d18d0b testClass = UserRepositoryTest, testInstance = tma.service.UserRepositoryTest@7a344b65, testMethod = [null], testException = [null], mergedContextConfiguration = [WebMergedContextConfiguration@3104351d testClass = UserRepositoryTest, locations = &apos;{}&apos;, classes = &apos;{class tma.configuration.SpringMvcInitializer, class tma.configuration.ApplicationConfiguration}&apos;, contextInitializerClasses = &apos;[]&apos;, activeProfiles = &apos;{}&apos;, resourceBasePath = &apos;src/main/webapp&apos;, contextLoader = &apos;org.springframework.test.context.web.WebDelegatingSmartContextLoader&apos;, parent = [null]]].
18:42:53.376 [main] DEBUG org.springframework.test.context.support.DependencyInjectionTestExecutionListener - Performing dependency injection for test context [[TestContext@77d18d0b testClass = UserRepositoryTest, testInstance = tma.service.UserRepositoryTest@7a344b65, testMethod = [null], testException = [null], mergedContextConfiguration = [WebMergedContextConfiguration@3104351d testClass = UserRepositoryTest, locations = &apos;{}&apos;, classes = &apos;{class tma.configuration.SpringMvcInitializer, class tma.configuration.ApplicationConfiguration}&apos;, contextInitializerClasses = &apos;[]&apos;, activeProfiles = &apos;{}&apos;, resourceBasePath = &apos;src/main/webapp&apos;, contextLoader = &apos;org.springframework.test.context.web.WebDelegatingSmartContextLoader&apos;, parent = [null]]]].
18:42:53.376 [main] DEBUG org.springframework.test.context.CacheAwareContextLoaderDelegate - Retrieved ApplicationContext from cache with key [[WebMergedContextConfiguration@3104351d testClass = UserRepositoryTest, locations = &apos;{}&apos;, classes = &apos;{class tma.configuration.SpringMvcInitializer, class tma.configuration.ApplicationConfiguration}&apos;, contextInitializerClasses = &apos;[]&apos;, activeProfiles = &apos;{}&apos;, resourceBasePath = &apos;src/main/webapp&apos;, contextLoader = &apos;org.springframework.test.context.web.WebDelegatingSmartContextLoader&apos;, parent = [null]]].
18:42:53.377 [main] DEBUG org.springframework.test.context.CacheAwareContextLoaderDelegate - Retrieved ApplicationContext from cache with key [[WebMergedContextConfiguration@3104351d testClass = UserRepositoryTest, locations = &apos;{}&apos;, classes = &apos;{class tma.configuration.SpringMvcInitializer, class tma.configuration.ApplicationConfiguration}&apos;, contextInitializerClasses = &apos;[]&apos;, activeProfiles = &apos;{}&apos;, resourceBasePath = &apos;src/main/webapp&apos;, contextLoader = &apos;org.springframework.test.context.web.WebDelegatingSmartContextLoader&apos;, parent = [null]]].
18:42:53.377 [main] DEBUG org.springframework.test.context.web.ServletTestExecutionListener - Setting up MockHttpServletRequest, MockHttpServletResponse, ServletWebRequest, and RequestContextHolder for test context [TestContext@77d18d0b testClass = UserRepositoryTest, testInstance = tma.service.UserRepositoryTest@7a344b65, testMethod = testGetUserByUserName@UserRepositoryTest, testException = [null], mergedContextConfiguration = [WebMergedContextConfiguration@3104351d testClass = UserRepositoryTest, locations = &apos;{}&apos;, classes = &apos;{class tma.configuration.SpringMvcInitializer, class tma.configuration.ApplicationConfiguration}&apos;, contextInitializerClasses = &apos;[]&apos;, activeProfiles = &apos;{}&apos;, resourceBasePath = &apos;src/main/webapp&apos;, contextLoader = &apos;org.springframework.test.context.web.WebDelegatingSmartContextLoader&apos;, parent = [null]]].
18:42:53.380 [main] DEBUG org.springframework.test.context.support.DirtiesContextTestExecutionListener - After test method: context [[TestContext@77d18d0b testClass = UserRepositoryTest, testInstance = tma.service.UserRepositoryTest@7a344b65, testMethod = testGetUserByUserName@UserRepositoryTest, testException = org.mockito.exceptions.misusing.InvalidUseOfMatchersException: 
Invalid use of argument matchers!
2 matchers expected, 1 recorded:
-&gt; at tma.service.UserRepositoryTest.testGetUserByUserName(UserRepositoryTest.java:44)

This exception may occur if matchers are combined with raw values:
    //incorrect:
    someMethod(anyObject(), &quot;raw String&quot;);
When using matchers, all arguments have to be provided by matchers.
For example:
    //correct:
    someMethod(anyObject(), eq(&quot;String by matcher&quot;));

For more info see javadoc for Matchers class.
, mergedContextConfiguration = [WebMergedContextConfiguration@3104351d testClass = UserRepositoryTest, locations = &apos;{}&apos;, classes = &apos;{class tma.configuration.SpringMvcInitializer, class tma.configuration.ApplicationConfiguration}&apos;, contextInitializerClasses = &apos;[]&apos;, activeProfiles = &apos;{}&apos;, resourceBasePath = &apos;src/main/webapp&apos;, contextLoader = &apos;org.springframework.test.context.web.WebDelegatingSmartContextLoader&apos;, parent = [null]]]], class dirties context [false], class mode [null], method dirties context [false].
18:42:53.380 [main] DEBUG org.springframework.test.context.web.ServletTestExecutionListener - Resetting RequestContextHolder for test context [TestContext@77d18d0b testClass = UserRepositoryTest, testInstance = tma.service.UserRepositoryTest@7a344b65, testMethod = testGetUserByUserName@UserRepositoryTest, testException = org.mockito.exceptions.misusing.InvalidUseOfMatchersException: 
Invalid use of argument matchers!
2 matchers expected, 1 recorded:
-&gt; at tma.service.UserRepositoryTest.testGetUserByUserName(UserRepositoryTest.java:44)

This exception may occur if matchers are combined with raw values:
    //incorrect:
    someMethod(anyObject(), &quot;raw String&quot;);
When using matchers, all arguments have to be provided by matchers.
For example:
    //correct:
    someMethod(anyObject(), eq(&quot;String by matcher&quot;));

For more info see javadoc for Matchers class.
, mergedContextConfiguration = [WebMergedContextConfiguration@3104351d testClass = UserRepositoryTest, locations = &apos;{}&apos;, classes = &apos;{class tma.configuration.SpringMvcInitializer, class tma.configuration.ApplicationConfiguration}&apos;, contextInitializerClasses = &apos;[]&apos;, activeProfiles = &apos;{}&apos;, resourceBasePath = &apos;src/main/webapp&apos;, contextLoader = &apos;org.springframework.test.context.web.WebDelegatingSmartContextLoader&apos;, parent = [null]]].
</system-out>
  </testcase>
</testsuite>